<?xml version="1.0" encoding="UTF-8"?>
<!-- Generated by org.testng.reporters.JUnitReportReporter -->
<testsuite skipped="0" hostname="LAPTOP-U0S2ADUM" name="KTCTC.regression.PracticeFormTest" tests="1" failures="0" timestamp="2022-03-08T10:20:20 IST" time="0.419" errors="0">
  <testcase name="verifyUserCanNavigateToPracticeForm" time="0.419" classname="KTCTC.regression.PracticeFormTest"/>
  <system-out/>
</testsuite> <!-- KTCTC.regression.PracticeFormTest -->
